Build started 12/6/2022 10:27:08 PM.
     1>Project "D:\hao\code 2013\ConsoleApplication9\ConsoleApplication9\ConsoleApplication9.vcxproj" on node 2 (Build target(s)).
     1>ClCompile:
         D:\visual 2013\VC\bin\CL.exe /c /ZI /nologo /W3 /WX- /Od /Oy- /D WIN32 /D _DEBUG /D _CONSOLE /D _LIB /D _UNICODE /D UNICODE /Gm /EHsc /RTC1 /MDd /GS /fp:precise /Zc:wchar_t /Zc:forScope /Fo"Debug\\" /Fd"Debug\vc120.pdb" /Gd /TP /analyze- /errorReport:prompt hinhcay.cpp Main.cpp TuDienAnh_Viet.cpp
         TuDienAnh_Viet.cpp
     1>d:\hao\code 2013\consoleapplication9\consoleapplication9\tudienanh_viet.cpp(13): warning C4996: 'getch': The POSIX name for this item is deprecated. Instead, use the ISO C++ conformant name: _getch. See online help for details.
                 d:\visual 2013\vc\include\conio.h(131) : see declaration of 'getch'
     1>d:\hao\code 2013\consoleapplication9\consoleapplication9\tudienanh_viet.cpp(33): warning C4996: 'strcpy': This function or variable may be unsafe. Consider using strcpy_s instead. To disable deprecation, use _CRT_SECURE_NO_WARNINGS. See online help for details.
                 d:\visual 2013\vc\include\string.h(112) : see declaration of 'strcpy'
     1>d:\hao\code 2013\consoleapplication9\consoleapplication9\tudienanh_viet.cpp(34): warning C4996: 'strcpy': This function or variable may be unsafe. Consider using strcpy_s instead. To disable deprecation, use _CRT_SECURE_NO_WARNINGS. See online help for details.
                 d:\visual 2013\vc\include\string.h(112) : see declaration of 'strcpy'
     1>d:\hao\code 2013\consoleapplication9\consoleapplication9\tudienanh_viet.cpp(54): warning C4996: 'fopen': This function or variable may be unsafe. Consider using fopen_s instead. To disable deprecation, use _CRT_SECURE_NO_WARNINGS. See online help for details.
                 d:\visual 2013\vc\include\stdio.h(211) : see declaration of 'fopen'
     1>d:\hao\code 2013\consoleapplication9\consoleapplication9\tudienanh_viet.cpp(60): warning C4996: 'fscanf': This function or variable may be unsafe. Consider using fscanf_s instead. To disable deprecation, use _CRT_SECURE_NO_WARNINGS. See online help for details.
                 d:\visual 2013\vc\include\stdio.h(230) : see declaration of 'fscanf'
     1>d:\hao\code 2013\consoleapplication9\consoleapplication9\tudienanh_viet.cpp(63): warning C4129: '#' : unrecognized character escape sequence
     1>d:\hao\code 2013\consoleapplication9\consoleapplication9\tudienanh_viet.cpp(63): warning C4996: 'fscanf': This function or variable may be unsafe. Consider using fscanf_s instead. To disable deprecation, use _CRT_SECURE_NO_WARNINGS. See online help for details.
                 d:\visual 2013\vc\include\stdio.h(230) : see declaration of 'fscanf'
     1>d:\hao\code 2013\consoleapplication9\consoleapplication9\tudienanh_viet.cpp(98): warning C4996: 'gets': This function or variable may be unsafe. Consider using gets_s instead. To disable deprecation, use _CRT_SECURE_NO_WARNINGS. See online help for details.
                 d:\visual 2013\vc\include\stdio.h(254) : see declaration of 'gets'
         Main.cpp
     1>d:\hao\code 2013\consoleapplication9\consoleapplication9\main.cpp(13): warning C4996: 'getch': The POSIX name for this item is deprecated. Instead, use the ISO C++ conformant name: _getch. See online help for details.
                 d:\visual 2013\vc\include\conio.h(131) : see declaration of 'getch'
     1>d:\hao\code 2013\consoleapplication9\consoleapplication9\main.cpp(7): warning C4101: 'k' : unreferenced local variable
         hinhcay.cpp
     1>d:\hao\code 2013\consoleapplication9\consoleapplication9\hinhcay.cpp(42): warning C4996: 'sprintf': This function or variable may be unsafe. Consider using sprintf_s instead. To disable deprecation, use _CRT_SECURE_NO_WARNINGS. See online help for details.
                 d:\visual 2013\vc\include\stdio.h(356) : see declaration of 'sprintf'
         Generating Code...
       Link:
         D:\visual 2013\VC\bin\link.exe /ERRORREPORT:PROMPT /OUT:"D:\hao\code 2013\ConsoleApplication9\Debug\ConsoleApplication9.exe" /INCREMENTAL /NOLOGO kernel32.lib user32.lib gdi32.lib winspool.lib comdlg32.lib advapi32.lib shell32.lib ole32.lib oleaut32.lib uuid.lib odbc32.lib odbccp32.lib /MANIFEST /MANIFESTUAC:"level='asInvoker' uiAccess='false'" /manifest:embed /DEBUG /PDB:"D:\hao\code 2013\ConsoleApplication9\Debug\ConsoleApplication9.pdb" /SUBSYSTEM:CONSOLE /TLBID:1 /DYNAMICBASE /NXCOMPAT /IMPLIB:"D:\hao\code 2013\ConsoleApplication9\Debug\ConsoleApplication9.lib" /MACHINE:X86 Debug\hinhcay.obj
         Debug\Main.obj
         Debug\TuDienAnh_Viet.obj
         ConsoleApplication9.vcxproj -> D:\hao\code 2013\ConsoleApplication9\Debug\ConsoleApplication9.exe
     1>Done Building Project "D:\hao\code 2013\ConsoleApplication9\ConsoleApplication9\ConsoleApplication9.vcxproj" (Build target(s)).

Build succeeded.

Time Elapsed 00:00:01.07
