Build started 5/6/2022 7:22:50 PM.
     1>Project "D:\hao\code 2013\ConsoleApplication2\ConsoleApplication2\ConsoleApplication2.vcxproj" on node 2 (Build target(s)).
     1>ClCompile:
         D:\visual 2013\VC\bin\CL.exe /c /Zi /nologo /W3 /WX- /O2 /Oi /Oy- /GL /D WIN32 /D NDEBUG /D _CONSOLE /D _LIB /D _UNICODE /D UNICODE /Gm- /EHsc /MD /GS /Gy /fp:precise /Zc:wchar_t /Zc:forScope /Fo"Release\\" /Fd"Release\vc120.pdb" /Gd /TP /analyze- /errorReport:prompt Source.cpp
         Source.cpp
     1>Source.cpp(65): warning C4996: 'scanf': This function or variable may be unsafe. Consider using scanf_s instead. To disable deprecation, use _CRT_SECURE_NO_WARNINGS. See online help for details.
                 D:\visual 2013\VC\include\stdio.h(283) : see declaration of 'scanf'
     1>Source.cpp(105): warning C4996: 'scanf': This function or variable may be unsafe. Consider using scanf_s instead. To disable deprecation, use _CRT_SECURE_NO_WARNINGS. See online help for details.
                 D:\visual 2013\VC\include\stdio.h(283) : see declaration of 'scanf'
     1>Source.cpp(140): warning C4996: 'getch': The POSIX name for this item is deprecated. Instead, use the ISO C++ conformant name: _getch. See online help for details.
                 D:\visual 2013\VC\include\conio.h(131) : see declaration of 'getch'
     1>Source.cpp(41): warning C4101: 'b' : unreferenced local variable
     1>Source.cpp(146): warning C4996: 'scanf': This function or variable may be unsafe. Consider using scanf_s instead. To disable deprecation, use _CRT_SECURE_NO_WARNINGS. See online help for details.
                 D:\visual 2013\VC\include\stdio.h(283) : see declaration of 'scanf'
     1>Source.cpp(150): warning C4996: 'scanf': This function or variable may be unsafe. Consider using scanf_s instead. To disable deprecation, use _CRT_SECURE_NO_WARNINGS. See online help for details.
                 D:\visual 2013\VC\include\stdio.h(283) : see declaration of 'scanf'
     1>Source.cpp(244): warning C4996: 'scanf': This function or variable may be unsafe. Consider using scanf_s instead. To disable deprecation, use _CRT_SECURE_NO_WARNINGS. See online help for details.
                 D:\visual 2013\VC\include\stdio.h(283) : see declaration of 'scanf'
     1>Source.cpp(261): warning C4390: ';' : empty controlled statement found; is this the intent?
     1>Source.cpp(314): warning C4996: 'scanf': This function or variable may be unsafe. Consider using scanf_s instead. To disable deprecation, use _CRT_SECURE_NO_WARNINGS. See online help for details.
                 D:\visual 2013\VC\include\stdio.h(283) : see declaration of 'scanf'
     1>Source.cpp(325): warning C4996: 'fopen': This function or variable may be unsafe. Consider using fopen_s instead. To disable deprecation, use _CRT_SECURE_NO_WARNINGS. See online help for details.
                 D:\visual 2013\VC\include\stdio.h(211) : see declaration of 'fopen'
     1>Source.cpp(326): warning C4996: 'fscanf': This function or variable may be unsafe. Consider using fscanf_s instead. To disable deprecation, use _CRT_SECURE_NO_WARNINGS. See online help for details.
                 D:\visual 2013\VC\include\stdio.h(230) : see declaration of 'fscanf'
     1>Source.cpp(329): warning C4996: 'fscanf': This function or variable may be unsafe. Consider using fscanf_s instead. To disable deprecation, use _CRT_SECURE_NO_WARNINGS. See online help for details.
                 D:\visual 2013\VC\include\stdio.h(230) : see declaration of 'fscanf'
     1>Source.cpp(351): warning C4996: 'strcmpi': The POSIX name for this item is deprecated. Instead, use the ISO C++ conformant name: _strcmpi. See online help for details.
                 D:\visual 2013\VC\include\string.h(252) : see declaration of 'strcmpi'
     1>Source.cpp(355): warning C4996: 'strcmpi': The POSIX name for this item is deprecated. Instead, use the ISO C++ conformant name: _strcmpi. See online help for details.
                 D:\visual 2013\VC\include\string.h(252) : see declaration of 'strcmpi'
     1>Source.cpp(371): warning C4996: 'scanf': This function or variable may be unsafe. Consider using scanf_s instead. To disable deprecation, use _CRT_SECURE_NO_WARNINGS. See online help for details.
                 D:\visual 2013\VC\include\stdio.h(283) : see declaration of 'scanf'
     1>Source.cpp(397): warning C4996: 'scanf': This function or variable may be unsafe. Consider using scanf_s instead. To disable deprecation, use _CRT_SECURE_NO_WARNINGS. See online help for details.
                 D:\visual 2013\VC\include\stdio.h(283) : see declaration of 'scanf'
     1>Source.cpp(403): warning C4996: 'scanf': This function or variable may be unsafe. Consider using scanf_s instead. To disable deprecation, use _CRT_SECURE_NO_WARNINGS. See online help for details.
                 D:\visual 2013\VC\include\stdio.h(283) : see declaration of 'scanf'
       Link:
         D:\visual 2013\VC\bin\link.exe /ERRORREPORT:PROMPT /OUT:"D:\hao\code 2013\ConsoleApplication2\Release\ConsoleApplication2.exe" /INCREMENTAL:NO /NOLOGO kernel32.lib user32.lib gdi32.lib winspool.lib comdlg32.lib advapi32.lib shell32.lib ole32.lib oleaut32.lib uuid.lib odbc32.lib odbccp32.lib /MANIFEST /MANIFESTUAC:"level='asInvoker' uiAccess='false'" /manifest:embed /DEBUG /PDB:"D:\hao\code 2013\ConsoleApplication2\Release\ConsoleApplication2.pdb" /SUBSYSTEM:CONSOLE /OPT:REF /OPT:ICF /LTCG /TLBID:1 /DYNAMICBASE /NXCOMPAT /IMPLIB:"D:\hao\code 2013\ConsoleApplication2\Release\ConsoleApplication2.lib" /MACHINE:X86 /SAFESEH Release\Source.obj
     1>LINK : fatal error LNK1104: cannot open file 'D:\hao\code 2013\ConsoleApplication2\Release\ConsoleApplication2.exe'
     1>Done Building Project "D:\hao\code 2013\ConsoleApplication2\ConsoleApplication2\ConsoleApplication2.vcxproj" (Build target(s)) -- FAILED.

Build FAILED.

Time Elapsed 00:00:00.21
