Build started 10/18/2022 10:21:46 PM.
     1>Project "D:\hao\code 2013\ConsoleApplication6\ConsoleApplication6\ConsoleApplication6.vcxproj" on node 2 (Build target(s)).
     1>ClCompile:
         D:\visual 2013\VC\bin\CL.exe /c /Zi /nologo /W3 /WX- /O2 /Oi /Oy- /GL /D WIN32 /D NDEBUG /D _CONSOLE /D _LIB /D _UNICODE /D UNICODE /Gm- /EHsc /MD /GS /Gy /fp:precise /Zc:wchar_t /Zc:forScope /Fo"Release\\" /Fd"Release\vc120.pdb" /Gd /TP /analyze- /errorReport:prompt bt1ngovannhathao.cpp bt2ngovannhathao.cpp tuan2.cpp
         bt1ngovannhathao.cpp
     1>bt1ngovannhathao.cpp(38): warning C4996: 'getch': The POSIX name for this item is deprecated. Instead, use the ISO C++ conformant name: _getch. See online help for details.
                 D:\visual 2013\VC\include\conio.h(131) : see declaration of 'getch'
     1>bt1ngovannhathao.cpp(54): warning C4996: 'scanf': This function or variable may be unsafe. Consider using scanf_s instead. To disable deprecation, use _CRT_SECURE_NO_WARNINGS. See online help for details.
                 D:\visual 2013\VC\include\stdio.h(283) : see declaration of 'scanf'
     1>bt1ngovannhathao.cpp(48): warning C4101: 'q' : unreferenced local variable
     1>bt1ngovannhathao.cpp(240): warning C4244: 'initializing' : conversion from 'float' to 'int', possible loss of data
     1>bt1ngovannhathao.cpp(345): warning C4996: 'scanf': This function or variable may be unsafe. Consider using scanf_s instead. To disable deprecation, use _CRT_SECURE_NO_WARNINGS. See online help for details.
                 D:\visual 2013\VC\include\stdio.h(283) : see declaration of 'scanf'
     1>bt1ngovannhathao.cpp(354): warning C4996: 'scanf': This function or variable may be unsafe. Consider using scanf_s instead. To disable deprecation, use _CRT_SECURE_NO_WARNINGS. See online help for details.
                 D:\visual 2013\VC\include\stdio.h(283) : see declaration of 'scanf'
     1>bt1ngovannhathao.cpp(364): warning C4996: 'scanf': This function or variable may be unsafe. Consider using scanf_s instead. To disable deprecation, use _CRT_SECURE_NO_WARNINGS. See online help for details.
                 D:\visual 2013\VC\include\stdio.h(283) : see declaration of 'scanf'
     1>bt1ngovannhathao.cpp(366): warning C4996: 'scanf': This function or variable may be unsafe. Consider using scanf_s instead. To disable deprecation, use _CRT_SECURE_NO_WARNINGS. See online help for details.
                 D:\visual 2013\VC\include\stdio.h(283) : see declaration of 'scanf'
     1>bt1ngovannhathao.cpp(375): warning C4996: 'scanf': This function or variable may be unsafe. Consider using scanf_s instead. To disable deprecation, use _CRT_SECURE_NO_WARNINGS. See online help for details.
                 D:\visual 2013\VC\include\stdio.h(283) : see declaration of 'scanf'
     1>bt1ngovannhathao.cpp(427): warning C4996: 'getch': The POSIX name for this item is deprecated. Instead, use the ISO C++ conformant name: _getch. See online help for details.
                 D:\visual 2013\VC\include\conio.h(131) : see declaration of 'getch'
     1>bt1ngovannhathao.cpp(328): warning C4101: 'l1' : unreferenced local variable
     1>bt1ngovannhathao.cpp(328): warning C4101: 'l2' : unreferenced local variable
         bt2ngovannhathao.cpp
     1>bt2ngovannhathao.cpp(48): warning C4996: 'scanf': This function or variable may be unsafe. Consider using scanf_s instead. To disable deprecation, use _CRT_SECURE_NO_WARNINGS. See online help for details.
                 D:\visual 2013\VC\include\stdio.h(283) : see declaration of 'scanf'
     1>bt2ngovannhathao.cpp(108): warning C4244: '=' : conversion from 'int' to 'float', possible loss of data
     1>bt2ngovannhathao.cpp(111): warning C4244: 'initializing' : conversion from 'int' to 'float', possible loss of data
     1>bt2ngovannhathao.cpp(112): warning C4244: 'initializing' : conversion from 'int' to 'float', possible loss of data
     1>bt2ngovannhathao.cpp(166): warning C4996: 'scanf': This function or variable may be unsafe. Consider using scanf_s instead. To disable deprecation, use _CRT_SECURE_NO_WARNINGS. See online help for details.
                 D:\visual 2013\VC\include\stdio.h(283) : see declaration of 'scanf'
     1>bt2ngovannhathao.cpp(188): warning C4996: 'getch': The POSIX name for this item is deprecated. Instead, use the ISO C++ conformant name: _getch. See online help for details.
                 D:\visual 2013\VC\include\conio.h(131) : see declaration of 'getch'
         tuan2.cpp
     1>tuan2.cpp(53): warning C4996: 'getch': The POSIX name for this item is deprecated. Instead, use the ISO C++ conformant name: _getch. See online help for details.
                 D:\visual 2013\VC\include\conio.h(131) : see declaration of 'getch'
     1>tuan2.cpp(67): warning C4996: 'fopen': This function or variable may be unsafe. Consider using fopen_s instead. To disable deprecation, use _CRT_SECURE_NO_WARNINGS. See online help for details.
                 D:\visual 2013\VC\include\stdio.h(211) : see declaration of 'fopen'
     1>tuan2.cpp(73): warning C4996: 'fscanf': This function or variable may be unsafe. Consider using fscanf_s instead. To disable deprecation, use _CRT_SECURE_NO_WARNINGS. See online help for details.
                 D:\visual 2013\VC\include\stdio.h(230) : see declaration of 'fscanf'
     1>tuan2.cpp(76): warning C4129: '#' : unrecognized character escape sequence
     1>tuan2.cpp(76): warning C4996: 'fscanf': This function or variable may be unsafe. Consider using fscanf_s instead. To disable deprecation, use _CRT_SECURE_NO_WARNINGS. See online help for details.
                 D:\visual 2013\VC\include\stdio.h(230) : see declaration of 'fscanf'
     1>tuan2.cpp(77): warning C4244: '=' : conversion from 'double' to 'float', possible loss of data
     1>tuan2.cpp(107): warning C4996: 'gets': This function or variable may be unsafe. Consider using gets_s instead. To disable deprecation, use _CRT_SECURE_NO_WARNINGS. See online help for details.
                 D:\visual 2013\VC\include\stdio.h(254) : see declaration of 'gets'
     1>tuan2.cpp(111): warning C4996: 'strcmpi': The POSIX name for this item is deprecated. Instead, use the ISO C++ conformant name: _strcmpi. See online help for details.
                 D:\visual 2013\VC\include\string.h(252) : see declaration of 'strcmpi'
     1>tuan2.cpp(120): warning C4996: 'gets': This function or variable may be unsafe. Consider using gets_s instead. To disable deprecation, use _CRT_SECURE_NO_WARNINGS. See online help for details.
                 D:\visual 2013\VC\include\stdio.h(254) : see declaration of 'gets'
     1>tuan2.cpp(124): warning C4996: 'strcmpi': The POSIX name for this item is deprecated. Instead, use the ISO C++ conformant name: _strcmpi. See online help for details.
                 D:\visual 2013\VC\include\string.h(252) : see declaration of 'strcmpi'
     1>tuan2.cpp(173): warning C4996: 'gets': This function or variable may be unsafe. Consider using gets_s instead. To disable deprecation, use _CRT_SECURE_NO_WARNINGS. See online help for details.
                 D:\visual 2013\VC\include\stdio.h(254) : see declaration of 'gets'
     1>tuan2.cpp(176): warning C4996: 'gets': This function or variable may be unsafe. Consider using gets_s instead. To disable deprecation, use _CRT_SECURE_NO_WARNINGS. See online help for details.
                 D:\visual 2013\VC\include\stdio.h(254) : see declaration of 'gets'
     1>tuan2.cpp(179): warning C4996: 'gets': This function or variable may be unsafe. Consider using gets_s instead. To disable deprecation, use _CRT_SECURE_NO_WARNINGS. See online help for details.
                 D:\visual 2013\VC\include\stdio.h(254) : see declaration of 'gets'
     1>tuan2.cpp(181): warning C4996: 'scanf': This function or variable may be unsafe. Consider using scanf_s instead. To disable deprecation, use _CRT_SECURE_NO_WARNINGS. See online help for details.
                 D:\visual 2013\VC\include\stdio.h(283) : see declaration of 'scanf'
     1>tuan2.cpp(183): warning C4996: 'scanf': This function or variable may be unsafe. Consider using scanf_s instead. To disable deprecation, use _CRT_SECURE_NO_WARNINGS. See online help for details.
                 D:\visual 2013\VC\include\stdio.h(283) : see declaration of 'scanf'
     1>tuan2.cpp(185): warning C4996: 'scanf': This function or variable may be unsafe. Consider using scanf_s instead. To disable deprecation, use _CRT_SECURE_NO_WARNINGS. See online help for details.
                 D:\visual 2013\VC\include\stdio.h(283) : see declaration of 'scanf'
     1>tuan2.cpp(187): warning C4996: 'scanf': This function or variable may be unsafe. Consider using scanf_s instead. To disable deprecation, use _CRT_SECURE_NO_WARNINGS. See online help for details.
                 D:\visual 2013\VC\include\stdio.h(283) : see declaration of 'scanf'
     1>tuan2.cpp(189): warning C4996: 'scanf': This function or variable may be unsafe. Consider using scanf_s instead. To disable deprecation, use _CRT_SECURE_NO_WARNINGS. See online help for details.
                 D:\visual 2013\VC\include\stdio.h(283) : see declaration of 'scanf'
     1>tuan2.cpp(191): warning C4996: 'scanf': This function or variable may be unsafe. Consider using scanf_s instead. To disable deprecation, use _CRT_SECURE_NO_WARNINGS. See online help for details.
                 D:\visual 2013\VC\include\stdio.h(283) : see declaration of 'scanf'
     1>tuan2.cpp(193): warning C4996: 'scanf': This function or variable may be unsafe. Consider using scanf_s instead. To disable deprecation, use _CRT_SECURE_NO_WARNINGS. See online help for details.
                 D:\visual 2013\VC\include\stdio.h(283) : see declaration of 'scanf'
     1>tuan2.cpp(194): warning C4244: '=' : conversion from 'double' to 'float', possible loss of data
     1>tuan2.cpp(212): warning C4996: 'gets': This function or variable may be unsafe. Consider using gets_s instead. To disable deprecation, use _CRT_SECURE_NO_WARNINGS. See online help for details.
                 D:\visual 2013\VC\include\stdio.h(254) : see declaration of 'gets'
     1>tuan2.cpp(224): warning C4996: 'strcmpi': The POSIX name for this item is deprecated. Instead, use the ISO C++ conformant name: _strcmpi. See online help for details.
                 D:\visual 2013\VC\include\string.h(252) : see declaration of 'strcmpi'
     1>tuan2.cpp(271): warning C4996: 'scanf': This function or variable may be unsafe. Consider using scanf_s instead. To disable deprecation, use _CRT_SECURE_NO_WARNINGS. See online help for details.
                 D:\visual 2013\VC\include\stdio.h(283) : see declaration of 'scanf'
     1>tuan2.cpp(307): warning C4996: 'getch': The POSIX name for this item is deprecated. Instead, use the ISO C++ conformant name: _getch. See online help for details.
                 D:\visual 2013\VC\include\conio.h(131) : see declaration of 'getch'
     1>tuan2.cpp(255): warning C4101: 'a' : unreferenced local variable
     1>tuan2.cpp(255): warning C4101: 'y' : unreferenced local variable
     1>tuan2.cpp(255): warning C4101: 'x' : unreferenced local variable
       Link:
         D:\visual 2013\VC\bin\link.exe /ERRORREPORT:PROMPT /OUT:"D:\hao\code 2013\ConsoleApplication6\Release\ConsoleApplication6.exe" /INCREMENTAL:NO /NOLOGO kernel32.lib user32.lib gdi32.lib winspool.lib comdlg32.lib advapi32.lib shell32.lib ole32.lib oleaut32.lib uuid.lib odbc32.lib odbccp32.lib /MANIFEST /MANIFESTUAC:"level='asInvoker' uiAccess='false'" /manifest:embed /DEBUG /PDB:"D:\hao\code 2013\ConsoleApplication6\Release\ConsoleApplication6.pdb" /SUBSYSTEM:CONSOLE /OPT:REF /OPT:ICF /LTCG /TLBID:1 /DYNAMICBASE /NXCOMPAT /IMPLIB:"D:\hao\code 2013\ConsoleApplication6\Release\ConsoleApplication6.lib" /MACHINE:X86 /SAFESEH Release\bt1ngovannhathao.obj
         Release\bt2ngovannhathao.obj
         Release\tuan2.obj
     1>bt2ngovannhathao.obj : error LNK2005: _main already defined in bt1ngovannhathao.obj
     1>tuan2.obj : error LNK2005: _main already defined in bt1ngovannhathao.obj
     1>tuan2.obj : error LNK2005: "void __cdecl interChangeSortAscending(struct slist)" (?interChangeSortAscending@@YAXUslist@@@Z) already defined in bt1ngovannhathao.obj
     1>tuan2.obj : error LNK2005: "void __cdecl processSlist(struct slist)" (?processSlist@@YAXUslist@@@Z) already defined in bt1ngovannhathao.obj
     1>tuan2.obj : error LNK2005: "void __cdecl createslist(struct slist &)" (?createslist@@YAXAAUslist@@@Z) already defined in bt1ngovannhathao.obj
     1>tuan2.obj : error LNK2005: "void __cdecl InsertTail(struct slist &,struct Node *)" (?InsertTail@@YAXAAUslist@@PAUNode@@@Z) already defined in bt1ngovannhathao.obj
     1>tuan2.obj : error LNK2005: "void __cdecl InitSlist(struct slist &)" (?InitSlist@@YAXAAUslist@@@Z) already defined in bt1ngovannhathao.obj
     1>D:\hao\code 2013\ConsoleApplication6\Release\ConsoleApplication6.exe : fatal error LNK1169: one or more multiply defined symbols found
     1>Done Building Project "D:\hao\code 2013\ConsoleApplication6\ConsoleApplication6\ConsoleApplication6.vcxproj" (Build target(s)) -- FAILED.

Build FAILED.

Time Elapsed 00:00:00.34
