Build started 10/18/2022 11:35:20 PM.
     1>Project "D:\hao\code 2013\ConsoleApplication6\ConsoleApplication6\ConsoleApplication6.vcxproj" on node 2 (Build target(s)).
     1>ClCompile:
         D:\visual 2013\VC\bin\CL.exe /c /ZI /nologo /W3 /WX- /Od /Oy- /D WIN32 /D _DEBUG /D _CONSOLE /D _LIB /D _UNICODE /D UNICODE /Gm /EHsc /RTC1 /MDd /GS /fp:precise /Zc:wchar_t /Zc:forScope /Fo"Debug\\" /Fd"Debug\vc120.pdb" /Gd /TP /analyze- /errorReport:prompt tuan2.cpp
         tuan2.cpp
     1>d:\hao\code 2013\consoleapplication6\consoleapplication6\tuan2.cpp(54): warning C4996: 'getch': The POSIX name for this item is deprecated. Instead, use the ISO C++ conformant name: _getch. See online help for details.
                 d:\visual 2013\vc\include\conio.h(131) : see declaration of 'getch'
     1>d:\hao\code 2013\consoleapplication6\consoleapplication6\tuan2.cpp(68): warning C4996: 'fopen': This function or variable may be unsafe. Consider using fopen_s instead. To disable deprecation, use _CRT_SECURE_NO_WARNINGS. See online help for details.
                 d:\visual 2013\vc\include\stdio.h(211) : see declaration of 'fopen'
     1>d:\hao\code 2013\consoleapplication6\consoleapplication6\tuan2.cpp(74): warning C4996: 'fscanf': This function or variable may be unsafe. Consider using fscanf_s instead. To disable deprecation, use _CRT_SECURE_NO_WARNINGS. See online help for details.
                 d:\visual 2013\vc\include\stdio.h(230) : see declaration of 'fscanf'
     1>d:\hao\code 2013\consoleapplication6\consoleapplication6\tuan2.cpp(77): warning C4129: '#' : unrecognized character escape sequence
     1>d:\hao\code 2013\consoleapplication6\consoleapplication6\tuan2.cpp(77): warning C4996: 'fscanf': This function or variable may be unsafe. Consider using fscanf_s instead. To disable deprecation, use _CRT_SECURE_NO_WARNINGS. See online help for details.
                 d:\visual 2013\vc\include\stdio.h(230) : see declaration of 'fscanf'
     1>d:\hao\code 2013\consoleapplication6\consoleapplication6\tuan2.cpp(78): warning C4244: '=' : conversion from 'double' to 'float', possible loss of data
     1>d:\hao\code 2013\consoleapplication6\consoleapplication6\tuan2.cpp(108): warning C4996: 'gets': This function or variable may be unsafe. Consider using gets_s instead. To disable deprecation, use _CRT_SECURE_NO_WARNINGS. See online help for details.
                 d:\visual 2013\vc\include\stdio.h(254) : see declaration of 'gets'
     1>d:\hao\code 2013\consoleapplication6\consoleapplication6\tuan2.cpp(112): warning C4996: 'strcmpi': The POSIX name for this item is deprecated. Instead, use the ISO C++ conformant name: _strcmpi. See online help for details.
                 d:\visual 2013\vc\include\string.h(252) : see declaration of 'strcmpi'
     1>d:\hao\code 2013\consoleapplication6\consoleapplication6\tuan2.cpp(121): warning C4996: 'gets': This function or variable may be unsafe. Consider using gets_s instead. To disable deprecation, use _CRT_SECURE_NO_WARNINGS. See online help for details.
                 d:\visual 2013\vc\include\stdio.h(254) : see declaration of 'gets'
     1>d:\hao\code 2013\consoleapplication6\consoleapplication6\tuan2.cpp(125): warning C4996: 'strcmpi': The POSIX name for this item is deprecated. Instead, use the ISO C++ conformant name: _strcmpi. See online help for details.
                 d:\visual 2013\vc\include\string.h(252) : see declaration of 'strcmpi'
     1>d:\hao\code 2013\consoleapplication6\consoleapplication6\tuan2.cpp(171): warning C4996: 'scanf': This function or variable may be unsafe. Consider using scanf_s instead. To disable deprecation, use _CRT_SECURE_NO_WARNINGS. See online help for details.
                 d:\visual 2013\vc\include\stdio.h(283) : see declaration of 'scanf'
     1>d:\hao\code 2013\consoleapplication6\consoleapplication6\tuan2.cpp(287): warning C4996: 'gets': This function or variable may be unsafe. Consider using gets_s instead. To disable deprecation, use _CRT_SECURE_NO_WARNINGS. See online help for details.
                 d:\visual 2013\vc\include\stdio.h(254) : see declaration of 'gets'
     1>d:\hao\code 2013\consoleapplication6\consoleapplication6\tuan2.cpp(290): warning C4996: 'gets': This function or variable may be unsafe. Consider using gets_s instead. To disable deprecation, use _CRT_SECURE_NO_WARNINGS. See online help for details.
                 d:\visual 2013\vc\include\stdio.h(254) : see declaration of 'gets'
     1>d:\hao\code 2013\consoleapplication6\consoleapplication6\tuan2.cpp(293): warning C4996: 'gets': This function or variable may be unsafe. Consider using gets_s instead. To disable deprecation, use _CRT_SECURE_NO_WARNINGS. See online help for details.
                 d:\visual 2013\vc\include\stdio.h(254) : see declaration of 'gets'
     1>d:\hao\code 2013\consoleapplication6\consoleapplication6\tuan2.cpp(295): warning C4996: 'scanf': This function or variable may be unsafe. Consider using scanf_s instead. To disable deprecation, use _CRT_SECURE_NO_WARNINGS. See online help for details.
                 d:\visual 2013\vc\include\stdio.h(283) : see declaration of 'scanf'
     1>d:\hao\code 2013\consoleapplication6\consoleapplication6\tuan2.cpp(297): warning C4996: 'scanf': This function or variable may be unsafe. Consider using scanf_s instead. To disable deprecation, use _CRT_SECURE_NO_WARNINGS. See online help for details.
                 d:\visual 2013\vc\include\stdio.h(283) : see declaration of 'scanf'
     1>d:\hao\code 2013\consoleapplication6\consoleapplication6\tuan2.cpp(299): warning C4996: 'scanf': This function or variable may be unsafe. Consider using scanf_s instead. To disable deprecation, use _CRT_SECURE_NO_WARNINGS. See online help for details.
                 d:\visual 2013\vc\include\stdio.h(283) : see declaration of 'scanf'
     1>d:\hao\code 2013\consoleapplication6\consoleapplication6\tuan2.cpp(301): warning C4996: 'scanf': This function or variable may be unsafe. Consider using scanf_s instead. To disable deprecation, use _CRT_SECURE_NO_WARNINGS. See online help for details.
                 d:\visual 2013\vc\include\stdio.h(283) : see declaration of 'scanf'
     1>d:\hao\code 2013\consoleapplication6\consoleapplication6\tuan2.cpp(303): warning C4996: 'scanf': This function or variable may be unsafe. Consider using scanf_s instead. To disable deprecation, use _CRT_SECURE_NO_WARNINGS. See online help for details.
                 d:\visual 2013\vc\include\stdio.h(283) : see declaration of 'scanf'
     1>d:\hao\code 2013\consoleapplication6\consoleapplication6\tuan2.cpp(305): warning C4996: 'scanf': This function or variable may be unsafe. Consider using scanf_s instead. To disable deprecation, use _CRT_SECURE_NO_WARNINGS. See online help for details.
                 d:\visual 2013\vc\include\stdio.h(283) : see declaration of 'scanf'
     1>d:\hao\code 2013\consoleapplication6\consoleapplication6\tuan2.cpp(307): warning C4996: 'scanf': This function or variable may be unsafe. Consider using scanf_s instead. To disable deprecation, use _CRT_SECURE_NO_WARNINGS. See online help for details.
                 d:\visual 2013\vc\include\stdio.h(283) : see declaration of 'scanf'
     1>d:\hao\code 2013\consoleapplication6\consoleapplication6\tuan2.cpp(308): warning C4244: '=' : conversion from 'double' to 'float', possible loss of data
     1>d:\hao\code 2013\consoleapplication6\consoleapplication6\tuan2.cpp(326): warning C4996: 'gets': This function or variable may be unsafe. Consider using gets_s instead. To disable deprecation, use _CRT_SECURE_NO_WARNINGS. See online help for details.
                 d:\visual 2013\vc\include\stdio.h(254) : see declaration of 'gets'
     1>d:\hao\code 2013\consoleapplication6\consoleapplication6\tuan2.cpp(338): warning C4996: 'strcmpi': The POSIX name for this item is deprecated. Instead, use the ISO C++ conformant name: _strcmpi. See online help for details.
                 d:\visual 2013\vc\include\string.h(252) : see declaration of 'strcmpi'
     1>d:\hao\code 2013\consoleapplication6\consoleapplication6\tuan2.cpp(388): warning C4996: 'scanf': This function or variable may be unsafe. Consider using scanf_s instead. To disable deprecation, use _CRT_SECURE_NO_WARNINGS. See online help for details.
                 d:\visual 2013\vc\include\stdio.h(283) : see declaration of 'scanf'
     1>d:\hao\code 2013\consoleapplication6\consoleapplication6\tuan2.cpp(449): warning C4996: 'getch': The POSIX name for this item is deprecated. Instead, use the ISO C++ conformant name: _getch. See online help for details.
                 d:\visual 2013\vc\include\conio.h(131) : see declaration of 'getch'
     1>d:\hao\code 2013\consoleapplication6\consoleapplication6\tuan2.cpp(369): warning C4101: 'a' : unreferenced local variable
     1>d:\hao\code 2013\consoleapplication6\consoleapplication6\tuan2.cpp(369): warning C4101: 'y' : unreferenced local variable
     1>d:\hao\code 2013\consoleapplication6\consoleapplication6\tuan2.cpp(369): warning C4101: 'x' : unreferenced local variable
       Link:
         D:\visual 2013\VC\bin\link.exe /ERRORREPORT:PROMPT /OUT:"D:\hao\code 2013\ConsoleApplication6\Debug\ConsoleApplication6.exe" /INCREMENTAL /NOLOGO kernel32.lib user32.lib gdi32.lib winspool.lib comdlg32.lib advapi32.lib shell32.lib ole32.lib oleaut32.lib uuid.lib odbc32.lib odbccp32.lib /MANIFEST /MANIFESTUAC:"level='asInvoker' uiAccess='false'" /manifest:embed /DEBUG /PDB:"D:\hao\code 2013\ConsoleApplication6\Debug\ConsoleApplication6.pdb" /SUBSYSTEM:CONSOLE /TLBID:1 /DYNAMICBASE /NXCOMPAT /IMPLIB:"D:\hao\code 2013\ConsoleApplication6\Debug\ConsoleApplication6.lib" /MACHINE:X86 Debug\tuan2.obj
         LINK : D:\hao\code 2013\ConsoleApplication6\Debug\ConsoleApplication6.exe not found or not built by the last incremental link; performing full link
         ConsoleApplication6.vcxproj -> D:\hao\code 2013\ConsoleApplication6\Debug\ConsoleApplication6.exe
     1>Done Building Project "D:\hao\code 2013\ConsoleApplication6\ConsoleApplication6\ConsoleApplication6.vcxproj" (Build target(s)).

Build succeeded.

Time Elapsed 00:00:00.34
