Build started 6/25/2022 11:25:33 AM.
     1>Project "D:\hao\code 2013\ConsoleApplication4\ConsoleApplication4\ConsoleApplication4.vcxproj" on node 2 (Build target(s)).
     1>ClCompile:
         D:\visual 2013\VC\bin\CL.exe /c /Zi /nologo /W3 /WX- /O2 /Oi /Oy- /GL /D WIN32 /D NDEBUG /D _CONSOLE /D _LIB /D _UNICODE /D UNICODE /Gm- /EHsc /MD /GS /Gy /fp:precise /Zc:wchar_t /Zc:forScope /Fo"Release\\" /Fd"Release\vc120.pdb" /Gd /TP /analyze- /errorReport:prompt Source1.cpp
         Source1.cpp
     1>Source1.cpp(17): warning C4996: 'scanf': This function or variable may be unsafe. Consider using scanf_s instead. To disable deprecation, use _CRT_SECURE_NO_WARNINGS. See online help for details.
                 D:\visual 2013\VC\include\stdio.h(283) : see declaration of 'scanf'
     1>Source1.cpp(22): warning C4996: 'gets': This function or variable may be unsafe. Consider using gets_s instead. To disable deprecation, use _CRT_SECURE_NO_WARNINGS. See online help for details.
                 D:\visual 2013\VC\include\stdio.h(254) : see declaration of 'gets'
     1>Source1.cpp(24): warning C4996: 'scanf': This function or variable may be unsafe. Consider using scanf_s instead. To disable deprecation, use _CRT_SECURE_NO_WARNINGS. See online help for details.
                 D:\visual 2013\VC\include\stdio.h(283) : see declaration of 'scanf'
     1>Source1.cpp(26): warning C4996: 'scanf': This function or variable may be unsafe. Consider using scanf_s instead. To disable deprecation, use _CRT_SECURE_NO_WARNINGS. See online help for details.
                 D:\visual 2013\VC\include\stdio.h(283) : see declaration of 'scanf'
     1>Source1.cpp(28): warning C4996: 'scanf': This function or variable may be unsafe. Consider using scanf_s instead. To disable deprecation, use _CRT_SECURE_NO_WARNINGS. See online help for details.
                 D:\visual 2013\VC\include\stdio.h(283) : see declaration of 'scanf'
     1>Source1.cpp(30): warning C4996: 'scanf': This function or variable may be unsafe. Consider using scanf_s instead. To disable deprecation, use _CRT_SECURE_NO_WARNINGS. See online help for details.
                 D:\visual 2013\VC\include\stdio.h(283) : see declaration of 'scanf'
     1>Source1.cpp(33): warning C4996: 'gets': This function or variable may be unsafe. Consider using gets_s instead. To disable deprecation, use _CRT_SECURE_NO_WARNINGS. See online help for details.
                 D:\visual 2013\VC\include\stdio.h(254) : see declaration of 'gets'
     1>Source1.cpp(36): warning C4996: 'gets': This function or variable may be unsafe. Consider using gets_s instead. To disable deprecation, use _CRT_SECURE_NO_WARNINGS. See online help for details.
                 D:\visual 2013\VC\include\stdio.h(254) : see declaration of 'gets'
     1>Source1.cpp(43): warning C4244: '=' : conversion from 'double' to 'float', possible loss of data
     1>Source1.cpp(140): warning C4996: 'scanf': This function or variable may be unsafe. Consider using scanf_s instead. To disable deprecation, use _CRT_SECURE_NO_WARNINGS. See online help for details.
                 D:\visual 2013\VC\include\stdio.h(283) : see declaration of 'scanf'
     1>Source1.cpp(144): warning C4996: 'strcmpi': The POSIX name for this item is deprecated. Instead, use the ISO C++ conformant name: _strcmpi. See online help for details.
                 D:\visual 2013\VC\include\string.h(252) : see declaration of 'strcmpi'
     1>Source1.cpp(171): warning C4996: 'scanf': This function or variable may be unsafe. Consider using scanf_s instead. To disable deprecation, use _CRT_SECURE_NO_WARNINGS. See online help for details.
                 D:\visual 2013\VC\include\stdio.h(283) : see declaration of 'scanf'
     1>Source1.cpp(176): warning C4996: 'strcmpi': The POSIX name for this item is deprecated. Instead, use the ISO C++ conformant name: _strcmpi. See online help for details.
                 D:\visual 2013\VC\include\string.h(252) : see declaration of 'strcmpi'
     1>Source1.cpp(182): warning C4996: 'strcmpi': The POSIX name for this item is deprecated. Instead, use the ISO C++ conformant name: _strcmpi. See online help for details.
                 D:\visual 2013\VC\include\string.h(252) : see declaration of 'strcmpi'
     1>Source1.cpp(207): warning C4996: 'scanf': This function or variable may be unsafe. Consider using scanf_s instead. To disable deprecation, use _CRT_SECURE_NO_WARNINGS. See online help for details.
                 D:\visual 2013\VC\include\stdio.h(283) : see declaration of 'scanf'
     1>Source1.cpp(282): warning C4996: 'getch': The POSIX name for this item is deprecated. Instead, use the ISO C++ conformant name: _getch. See online help for details.
                 D:\visual 2013\VC\include\conio.h(131) : see declaration of 'getch'
       Link:
         D:\visual 2013\VC\bin\link.exe /ERRORREPORT:PROMPT /OUT:"D:\hao\code 2013\ConsoleApplication4\Release\ConsoleApplication4.exe" /INCREMENTAL:NO /NOLOGO kernel32.lib user32.lib gdi32.lib winspool.lib comdlg32.lib advapi32.lib shell32.lib ole32.lib oleaut32.lib uuid.lib odbc32.lib odbccp32.lib /MANIFEST /MANIFESTUAC:"level='asInvoker' uiAccess='false'" /manifest:embed /DEBUG /PDB:"D:\hao\code 2013\ConsoleApplication4\Release\ConsoleApplication4.pdb" /SUBSYSTEM:CONSOLE /OPT:REF /OPT:ICF /LTCG /TLBID:1 /DYNAMICBASE /NXCOMPAT /IMPLIB:"D:\hao\code 2013\ConsoleApplication4\Release\ConsoleApplication4.lib" /MACHINE:X86 /SAFESEH Release\Source1.obj
         Generating code
         Finished generating code
         ConsoleApplication4.vcxproj -> D:\hao\code 2013\ConsoleApplication4\Release\ConsoleApplication4.exe
     1>Done Building Project "D:\hao\code 2013\ConsoleApplication4\ConsoleApplication4\ConsoleApplication4.vcxproj" (Build target(s)).

Build succeeded.

Time Elapsed 00:00:00.74
