Build started 12/6/2022 11:55:16 PM.
     1>Project "D:\hao\code 2013\ConsoleApplication12\ConsoleApplication12\ConsoleApplication12.vcxproj" on node 2 (Build target(s)).
     1>ClCompile:
         D:\visual 2013\VC\bin\CL.exe /c /ZI /nologo /W3 /WX- /Od /Oy- /D WIN32 /D _DEBUG /D _CONSOLE /D _LIB /D _UNICODE /D UNICODE /Gm /EHsc /RTC1 /MDd /GS /fp:precise /Zc:wchar_t /Zc:forScope /Fo"Debug\\" /Fd"Debug\vc120.pdb" /Gd /TP /analyze- /errorReport:prompt BTree.cpp Main.cpp asciinode.cpp
         Main.cpp
     1>d:\hao\code 2013\consoleapplication12\consoleapplication12\main.cpp(19): warning C4996: 'scanf': This function or variable may be unsafe. Consider using scanf_s instead. To disable deprecation, use _CRT_SECURE_NO_WARNINGS. See online help for details.
                 d:\visual 2013\vc\include\stdio.h(283) : see declaration of 'scanf'
     1>d:\hao\code 2013\consoleapplication12\consoleapplication12\main.cpp(34): warning C4996: 'getch': The POSIX name for this item is deprecated. Instead, use the ISO C++ conformant name: _getch. See online help for details.
                 d:\visual 2013\vc\include\conio.h(131) : see declaration of 'getch'
     1>d:\hao\code 2013\consoleapplication12\consoleapplication12\main.cpp(8): warning C4101: 'k' : unreferenced local variable
         BTree.cpp
     1>d:\hao\code 2013\consoleapplication12\consoleapplication12\btree.cpp(11): warning C4996: 'getch': The POSIX name for this item is deprecated. Instead, use the ISO C++ conformant name: _getch. See online help for details.
                 d:\visual 2013\vc\include\conio.h(131) : see declaration of 'getch'
     1>d:\hao\code 2013\consoleapplication12\consoleapplication12\btree.cpp(99): warning C4996: 'scanf': This function or variable may be unsafe. Consider using scanf_s instead. To disable deprecation, use _CRT_SECURE_NO_WARNINGS. See online help for details.
                 d:\visual 2013\vc\include\stdio.h(283) : see declaration of 'scanf'
     1>d:\hao\code 2013\consoleapplication12\consoleapplication12\btree.cpp(121): warning C4996: 'scanf': This function or variable may be unsafe. Consider using scanf_s instead. To disable deprecation, use _CRT_SECURE_NO_WARNINGS. See online help for details.
                 d:\visual 2013\vc\include\stdio.h(283) : see declaration of 'scanf'
         Generating Code...
         Compiling...
         asciinode.cpp
     1>d:\hao\code 2013\consoleapplication12\consoleapplication12\asciinode.cpp(15): warning C4005: 'INFINITY' : macro redefinition
                 d:\visual 2013\vc\include\math.h(102) : see previous definition of 'INFINITY'
     1>d:\hao\code 2013\consoleapplication12\consoleapplication12\asciinode.cpp(42): warning C4996: 'sprintf': This function or variable may be unsafe. Consider using sprintf_s instead. To disable deprecation, use _CRT_SECURE_NO_WARNINGS. See online help for details.
                 d:\visual 2013\vc\include\stdio.h(356) : see declaration of 'sprintf'
         Generating Code...
       Link:
         D:\visual 2013\VC\bin\link.exe /ERRORREPORT:PROMPT /OUT:"D:\hao\code 2013\ConsoleApplication12\Debug\ConsoleApplication12.exe" /INCREMENTAL /NOLOGO kernel32.lib user32.lib gdi32.lib winspool.lib comdlg32.lib advapi32.lib shell32.lib ole32.lib oleaut32.lib uuid.lib odbc32.lib odbccp32.lib /MANIFEST /MANIFESTUAC:"level='asInvoker' uiAccess='false'" /manifest:embed /DEBUG /PDB:"D:\hao\code 2013\ConsoleApplication12\Debug\ConsoleApplication12.pdb" /SUBSYSTEM:CONSOLE /TLBID:1 /DYNAMICBASE /NXCOMPAT /IMPLIB:"D:\hao\code 2013\ConsoleApplication12\Debug\ConsoleApplication12.lib" /MACHINE:X86 Debug\asciinode.obj
         Debug\BTree.obj
         Debug\Main.obj
         LINK : D:\hao\code 2013\ConsoleApplication12\Debug\ConsoleApplication12.exe not found or not built by the last incremental link; performing full link
         ConsoleApplication12.vcxproj -> D:\hao\code 2013\ConsoleApplication12\Debug\ConsoleApplication12.exe
     1>Done Building Project "D:\hao\code 2013\ConsoleApplication12\ConsoleApplication12\ConsoleApplication12.vcxproj" (Build target(s)).

Build succeeded.

Time Elapsed 00:00:02.71
